trunk/AedesMobile/app/build/outputs/logs/manifest-merger-debug-report.txt
-- Merging decision tree log ---
manifest
ADDED from AndroidManifest.xml:2:1
	xmlns:tools
		ADDED from AndroidManifest.xml:3:5
	xmlns:android
		ADDED from AndroidManifest.xml:2:11
	package
		ADDED from AndroidManifest.xml:4:5
		INJECTED from AndroidManifest.xml:0:0
		INJECTED from AndroidManifest.xml:0:0
	android:versionName
		ADDED from AndroidManifest.xml:6:5
	android:versionCode
		ADDED from AndroidManifest.xml:5:5
		INJECTED from AndroidManifest.xml:0:0
		INJECTED from AndroidManifest.xml:0:0
uses-sdk
ADDED from AndroidManifest.xml:8:5
MERGED from com.github.daimajia:AndroidViewAnimations:v1.1.3:8:5
MERGED from com.daimajia.easing:library:1.0.0:7:5
MERGED from com.android.support:appcompat-v7:19.1.0:18:5
MERGED from com.github.lewisjdeane:L-Dialogs:8c1419e7c6:8:5
	android:targetSdkVersion
		ADDED from AndroidManifest.xml:10:9
		INJECTED from AndroidManifest.xml:0:0
		INJECTED from AndroidManifest.xml:0:0
	android:minSdkVersion
		ADDED from AndroidManifest.xml:9:9
		INJECTED from AndroidManifest.xml:0:0
		INJECTED from AndroidManifest.xml:0:0
android:uses-permission#android.permission.WRITE_EXTERNAL_STORAGE
ADDED from AndroidManifest.xml:13:5
	android:maxSdkVersion
		ADDED from AndroidManifest.xml:15:9
	android:name
		ADDED from AndroidManifest.xml:14:9
android:uses-permission#android.permission.READ_PHONE_STATE
ADDED from AndroidManifest.xml:16:5
	android:name
		ADDED from AndroidManifest.xml:16:30
android:uses-permission#android.permission.READ_EXTERNAL_STORAGE
ADDED from AndroidManifest.xml:17:5
	android:maxSdkVersion
		ADDED from AndroidManifest.xml:19:9
	android:name
		ADDED from AndroidManifest.xml:18:9
uses-permission#android.permission.INTERNET
ADDED from AndroidManifest.xml:22:5
	android:name
		ADDED from AndroidManifest.xml:22:22
uses-permission#android.permission.ACCESS_NETWORK_STATE
ADDED from AndroidManifest.xml:23:5
	android:name
		ADDED from AndroidManifest.xml:23:22
uses-permission#android.permission.ACCESS_COARSE_LOCATION
ADDED from AndroidManifest.xml:24:5
	android:name
		ADDED from AndroidManifest.xml:24:22
uses-permission#android.permission.ACCESS_FINE_LOCATION
ADDED from AndroidManifest.xml:25:5
	android:name
		ADDED from AndroidManifest.xml:25:22
uses-permission#android.permission.VIBRATE
ADDED from AndroidManifest.xml:26:5
	android:name
		ADDED from AndroidManifest.xml:26:22
application
ADDED from AndroidManifest.xml:28:5
MERGED from com.daimajia.easing:library:1.0.0:11:5
MERGED from com.android.support:appcompat-v7:19.1.0:19:5
	android:label
		ADDED from AndroidManifest.xml:30:9
	android:allowBackup
		ADDED from AndroidManifest.xml:29:9
	android:icon
		ADDED from AndroidManifest.xml:32:9
		REJECTED from com.daimajia.easing:library:1.0.0:13:9
	android:theme
		ADDED from AndroidManifest.xml:31:9
	tools:replace
		ADDED from AndroidManifest.xml:33:9
activity#view.activity.AddFocoActivity
ADDED from AndroidManifest.xml:35:9
	android:screenOrientation
		ADDED from AndroidManifest.xml:38:13
	android:label
		ADDED from AndroidManifest.xml:37:13
	android:name
		ADDED from AndroidManifest.xml:36:13
meta-data#android.support.PARENT_ACTIVITY
ADDED from AndroidManifest.xml:39:9
	android:name
		ADDED from AndroidManifest.xml:40:13
	android:value
		ADDED from AndroidManifest.xml:41:13
activity#view.activity.AgendaActivity
ADDED from AndroidManifest.xml:43:9
	android:screenOrientation
		ADDED from AndroidManifest.xml:46:13
	android:label
		ADDED from AndroidManifest.xml:45:13
	android:name
		ADDED from AndroidManifest.xml:44:13
intent-filter#android.intent.action.MAIN+android.intent.category.LAUNCHER
ADDED from AndroidManifest.xml:49:13
action#android.intent.action.MAIN
ADDED from AndroidManifest.xml:50:17
	android:name
		ADDED from AndroidManifest.xml:50:25
category#android.intent.category.LAUNCHER
ADDED from AndroidManifest.xml:52:17
	android:name
		ADDED from AndroidManifest.xml:52:27
receiver#controller.notificador.AedesReceiver
ADDED from AndroidManifest.xml:56:9
	android:label
		ADDED from AndroidManifest.xml:56:71
	android:name
		ADDED from AndroidManifest.xml:56:19
intent-filter#ALARME_DISPARADO+android.intent.category.DEFAULT
ADDED from AndroidManifest.xml:57:13
action#ALARME_DISPARADO
ADDED from AndroidManifest.xml:58:17
	android:name
		ADDED from AndroidManifest.xml:58:25
category#android.intent.category.DEFAULT
ADDED from AndroidManifest.xml:59:17
	android:name
		ADDED from AndroidManifest.xml:59:27